2022-03-18 00:42:19.6088 DEBUG Валюты, типы устройств были загружены
2022-03-18 00:42:19.6558 DEBUG Была запущена форма
2022-03-18 00:42:21.7300 DEBUG Пользователь выбрал тип устройства: Блоки питания
2022-03-18 00:42:26.9933 DEBUG Пользователь нажал на кнопку расчета
2022-03-18 00:59:21.5703 DEBUG Валюты, типы устройств были загружены
2022-03-18 00:59:21.6143 DEBUG Была запущена форма
2022-03-18 00:59:26.7396 DEBUG Пользователь выбрал тип устройства: Блоки питания
2022-03-18 00:59:34.1410 DEBUG Пользователь нажал на кнопку расчета
2022-03-18 01:04:42.1866 DEBUG Валюты, типы устройств были загружены
2022-03-18 01:04:42.2266 DEBUG Была запущена форма
2022-03-18 01:04:44.4138 DEBUG Пользователь выбрал тип устройства: Блоки питания
2022-03-18 01:04:49.5380 DEBUG Пользователь нажал на кнопку расчета
2022-03-18 01:05:43.1551 DEBUG Валюты, типы устройств были загружены
2022-03-18 01:05:43.1961 DEBUG Была запущена форма
2022-03-18 01:05:45.2562 DEBUG Пользователь выбрал тип устройства: Блоки питания
2022-03-18 01:05:50.8496 DEBUG Пользователь нажал на кнопку расчета
2022-03-18 01:08:25.2894 DEBUG Валюты, типы устройств были загружены
2022-03-18 01:08:25.3304 DEBUG Была запущена форма
2022-03-18 01:08:28.3776 DEBUG Пользователь выбрал тип устройства: Блоки питания
2022-03-18 01:08:30.3927 DEBUG Валюта была изменена пользователем
2022-03-18 01:08:37.5771 DEBUG Пользователь нажал на кнопку расчета
2022-03-18 01:08:38.2071 DEBUG Пользователь нажал на кнопку расчета
2022-03-18 01:08:38.8142 DEBUG Пользователь нажал на кнопку расчета
2022-03-18 01:08:42.0643 DEBUG Валюта была изменена пользователем
2022-03-18 01:08:43.4974 DEBUG Валюта была изменена пользователем
2022-03-18 01:17:40.3371 DEBUG Валюты, типы устройств были загружены
2022-03-18 01:17:40.3761 DEBUG Была запущена форма
2022-03-18 01:17:43.6163 DEBUG Пользователь выбрал тип устройства: Блоки питания
2022-03-18 01:17:48.7086 DEBUG Валюта была изменена пользователем
2022-03-18 01:17:49.9167 DEBUG Пользователь нажал на кнопку расчета
2022-03-18 01:17:50.6037 DEBUG Пользователь нажал на кнопку расчета
2022-03-18 01:17:53.0209 DEBUG Валюта была изменена пользователем
2022-03-18 01:17:56.3730 DEBUG Валюта была изменена пользователем
2022-03-18 01:17:58.2132 DEBUG Валюта была изменена пользователем
2022-03-18 01:18:08.8848 DEBUG Валюта была изменена пользователем
2022-03-18 01:18:09.8748 DEBUG Пользователь нажал на кнопку расчета
2022-03-18 01:18:12.1099 DEBUG Валюта была изменена пользователем
2022-03-18 01:18:13.5880 DEBUG Валюта была изменена пользователем
2022-03-18 01:18:14.3551 DEBUG Валюта была изменена пользователем
2022-03-18 01:18:14.4741 DEBUG Валюта была изменена пользователем
2022-03-18 01:18:14.9781 DEBUG Валюта была изменена пользователем
2022-03-18 01:18:15.3061 DEBUG Валюта была изменена пользователем
2022-03-18 01:18:17.1542 DEBUG Валюта была изменена пользователем
2022-03-18 01:18:17.3142 DEBUG Валюта была изменена пользователем
2022-03-18 01:18:18.4343 DEBUG Валюта была изменена пользователем
2022-03-18 01:18:18.7383 DEBUG Валюта была изменена пользователем
2022-03-18 01:18:19.2824 DEBUG Валюта была изменена пользователем
2022-03-18 01:18:19.3864 DEBUG Валюта была изменена пользователем
2022-03-18 01:30:22.6967 DEBUG Валюты, типы устройств были загружены
2022-03-18 01:30:22.7467 DEBUG Была запущена форма
2022-03-18 01:30:26.6480 DEBUG Пользователь выбрал тип устройства: Блоки питания
2022-03-18 01:30:31.9993 DEBUG Валюта была изменена пользователем
2022-03-18 01:30:33.5434 DEBUG Пользователь нажал на кнопку расчета
2022-03-18 01:30:37.7836 DEBUG Валюта была изменена пользователем
2022-03-18 01:30:39.8407 DEBUG Валюта была изменена пользователем
2022-03-18 01:30:41.6078 DEBUG Валюта была изменена пользователем
2022-03-18 01:30:44.4960 DEBUG Валюта была изменена пользователем
2022-03-18 01:34:11.0358 DEBUG Валюты, типы устройств были загружены
2022-03-18 01:34:11.0738 DEBUG Была запущена форма
2022-03-18 01:34:13.7570 DEBUG Валюта была изменена пользователем
2022-03-18 01:34:17.0091 DEBUG Пользователь выбрал тип устройства: Блоки питания
2022-03-18 01:34:20.5083 DEBUG Пользователь нажал на кнопку расчета
2022-03-18 01:34:23.1345 DEBUG Валюта была изменена пользователем
2022-03-18 01:34:27.5587 DEBUG Валюта была изменена пользователем
2022-03-18 01:34:33.3671 DEBUG Валюта была изменена пользователем
2022-03-18 01:34:36.1822 DEBUG Валюта была изменена пользователем
2022-03-18 01:34:46.9108 DEBUG Валюта была изменена пользователем
2022-03-18 01:39:43.6428 DEBUG Валюты, типы устройств были загружены
2022-03-18 01:39:43.6848 DEBUG Была запущена форма
2022-03-18 01:39:46.8700 DEBUG Пользователь выбрал тип устройства: Блоки питания
2022-03-18 01:39:51.1563 DEBUG Валюта была изменена пользователем
2022-03-18 01:39:52.9954 DEBUG Пользователь нажал на кнопку расчета
2022-03-18 01:39:55.6355 DEBUG Валюта была изменена пользователем
2022-03-18 01:41:02.2843 DEBUG Валюты, типы устройств были загружены
2022-03-18 01:41:02.3243 DEBUG Была запущена форма
2022-03-18 01:41:04.8635 DEBUG Пользователь выбрал тип устройства: Блоки питания
2022-03-18 01:41:07.9386 DEBUG Пользователь нажал на кнопку расчета
2022-03-18 01:41:10.8118 DEBUG Валюта была изменена пользователем
2022-03-18 01:41:12.9319 DEBUG Валюта была изменена пользователем
2022-03-18 01:41:23.9476 DEBUG Валюта была изменена пользователем
2022-03-18 01:41:31.8190 DEBUG Валюта была изменена пользователем
2022-03-18 01:42:10.1212 DEBUG Пользователь нажал на кнопку расчета
2022-03-18 01:42:12.8344 DEBUG Валюта была изменена пользователем
2022-03-18 01:42:14.9955 DEBUG Валюта была изменена пользователем
2022-03-18 01:42:25.0651 DEBUG Пользователь нажал на кнопку расчета
2022-03-18 01:42:27.1552 DEBUG Валюта была изменена пользователем
2022-03-18 01:45:03.7041 DEBUG Валюты, типы устройств были загружены
2022-03-18 01:45:03.7621 DEBUG Была запущена форма
2022-03-18 01:45:06.5013 DEBUG Пользователь выбрал тип устройства: Блоки питания
2022-03-18 01:45:09.6085 DEBUG Пользователь нажал на кнопку расчета
2022-03-18 01:45:13.0737 DEBUG Валюта была изменена пользователем
2022-03-18 01:45:15.5698 DEBUG Валюта была изменена пользователем
2022-03-18 01:45:20.5861 DEBUG Валюта была изменена пользователем
2022-03-18 01:45:23.8893 DEBUG Валюта была изменена пользователем
2022-03-18 01:47:23.2741 DEBUG Валюты, типы устройств были загружены
2022-03-18 01:47:23.3241 DEBUG Была запущена форма
2022-03-18 01:47:25.5162 DEBUG Пользователь выбрал тип устройства: Блоки питания
2022-03-18 01:47:30.3045 DEBUG Пользователь нажал на кнопку расчета
2022-03-18 01:47:33.0487 DEBUG Валюта была изменена пользователем
2022-03-18 01:47:43.7843 DEBUG Валюта была изменена пользователем
2022-03-18 01:47:47.0085 DEBUG Валюта была изменена пользователем
2022-03-18 01:47:51.4967 DEBUG Валюта была изменена пользователем
2022-03-18 02:27:32.3598 DEBUG Валюты, типы устройств были загружены
2022-03-18 02:27:32.4028 DEBUG Была запущена форма
2022-03-18 02:27:35.9780 DEBUG Пользователь выбрал тип устройства: Блоки питания
2022-03-18 02:27:41.3903 DEBUG Валюта была изменена пользователем
2022-03-18 02:27:42.1743 DEBUG Пользователь нажал на кнопку расчета
2022-03-18 02:27:42.6533 DEBUG Пользователь нажал на кнопку расчета
2022-03-18 02:27:48.4067 DEBUG Валюта была изменена пользователем
2022-03-18 02:27:57.4462 DEBUG Валюта была изменена пользователем
2022-03-18 02:28:00.2863 DEBUG Валюта была изменена пользователем
2022-03-18 02:28:04.1196 DEBUG Валюта была изменена пользователем
2022-03-18 02:30:06.9336 DEBUG Валюты, типы устройств были загружены
2022-03-18 02:30:06.9766 DEBUG Была запущена форма
2022-03-18 02:30:10.2698 DEBUG Пользователь выбрал тип устройства: Видеокарты
2022-03-18 02:30:15.7491 DEBUG Пользователь нажал на кнопку расчета
2022-03-18 02:30:18.2362 DEBUG Пользователь нажал на кнопку расчета
2022-03-18 02:30:20.5574 DEBUG Валюта была изменена пользователем
2022-03-18 02:30:21.2914 DEBUG Пользователь нажал на кнопку расчета
2022-03-18 02:30:21.7074 DEBUG Пользователь нажал на кнопку расчета
2022-03-18 02:30:22.1155 DEBUG Пользователь нажал на кнопку расчета
2022-03-18 02:32:38.9593 DEBUG Валюты, типы устройств были загружены
2022-03-18 02:32:39.0203 DEBUG Была запущена форма
2022-03-18 02:32:42.0115 DEBUG Пользователь выбрал тип устройства: Видеокарты
2022-03-18 02:36:57.6741 DEBUG Валюты, типы устройств были загружены
2022-03-18 02:36:57.7211 DEBUG Была запущена форма
2022-03-18 02:37:01.8903 DEBUG Пользователь выбрал тип устройства: Видеокарты
2022-03-18 02:37:06.2356 DEBUG Пользователь нажал на кнопку расчета
2022-03-18 02:37:09.1627 DEBUG Валюта была изменена пользователем
2022-03-18 02:37:13.3710 DEBUG Валюта была изменена пользователем
2022-03-18 02:37:16.3472 DEBUG Валюта была изменена пользователем
2022-03-18 02:50:06.1272 DEBUG Валюты, типы устройств были загружены
2022-03-18 02:50:06.1792 DEBUG Была запущена форма
2022-03-18 02:50:09.3604 DEBUG Пользователь выбрал тип устройства: Блоки питания
2022-03-18 02:50:14.0756 DEBUG Валюта была изменена пользователем
2022-03-18 02:50:38.9001 DEBUG Пользователь нажал на кнопку расчета
2022-03-18 02:50:50.4287 DEBUG Пользователь нажал на кнопку расчета
2022-03-18 02:55:28.6136 DEBUG Валюты, типы устройств были загружены
2022-03-18 02:55:28.6656 DEBUG Была запущена форма
2022-03-18 02:55:31.2228 DEBUG Пользователь выбрал тип устройства: Блоки питания
2022-03-18 02:55:33.0579 DEBUG Валюта была изменена пользователем
2022-03-18 02:55:52.6410 DEBUG Пользователь нажал на кнопку расчета
2022-03-18 02:56:28.0820 DEBUG Валюты, типы устройств были загружены
2022-03-18 02:56:28.1320 DEBUG Была запущена форма
2022-03-18 02:56:31.2542 DEBUG Пользователь выбрал тип устройства: Блоки питания
2022-03-18 02:56:46.1531 DEBUG Пользователь нажал на кнопку расчета
2022-03-18 02:56:47.7052 DEBUG Валюта была изменена пользователем
2022-03-18 02:56:57.4807 DEBUG Пользователь нажал на кнопку расчета
2022-03-18 03:02:40.8533 DEBUG Валюты, типы устройств были загружены
2022-03-18 03:02:40.9034 DEBUG Была запущена форма
2022-03-18 03:02:43.5635 DEBUG Пользователь выбрал тип устройства: Блоки питания
2022-03-18 03:03:05.8318 DEBUG Пользователь нажал на кнопку расчета
2022-03-18 03:05:07.5627 DEBUG Валюты, типы устройств были загружены
2022-03-18 03:05:07.6177 DEBUG Была запущена форма
2022-03-18 03:05:10.3199 DEBUG Пользователь выбрал тип устройства: Блоки питания
2022-03-18 03:05:19.3024 DEBUG Пользователь нажал на кнопку расчета
2022-03-18 03:12:46.8140 DEBUG Валюты, типы устройств были загружены
2022-03-18 03:12:46.8530 DEBUG Была запущена форма
2022-03-18 03:12:50.1592 DEBUG Пользователь выбрал тип устройства: Блоки питания
2022-03-18 03:13:08.3712 DEBUG Пользователь нажал на кнопку расчета
2022-03-18 03:13:19.5389 DEBUG Пользователь нажал на кнопку расчета
2022-03-18 03:13:30.1395 DEBUG Пользователь нажал на кнопку расчета
2022-03-18 03:15:22.6269 DEBUG Валюты, типы устройств были загружены
2022-03-18 03:15:22.6709 DEBUG Была запущена форма
2022-03-18 03:15:24.9451 DEBUG Пользователь выбрал тип устройства: Блоки питания
2022-03-18 03:15:38.0578 DEBUG Пользователь нажал на кнопку расчета
2022-03-18 03:15:53.6417 DEBUG Пользователь нажал на кнопку расчета
2022-03-18 03:20:25.7523 DEBUG Валюты, типы устройств были загружены
2022-03-18 03:20:25.7933 DEBUG Была запущена форма
2022-03-18 03:22:39.9769 DEBUG Валюты, типы устройств были загружены
2022-03-18 03:22:40.0159 DEBUG Была запущена форма
2022-03-18 03:23:56.3373 DEBUG Валюты, типы устройств были загружены
2022-03-18 03:23:56.3793 DEBUG Была запущена форма
2022-03-18 03:23:59.0225 DEBUG Валюта была изменена пользователем
2022-03-18 03:24:01.0226 DEBUG Валюта была изменена пользователем
2022-03-18 03:24:04.4528 DEBUG Пользователь нажал на кнопку расчета
2022-03-18 03:24:06.8119 DEBUG Пользователь выбрал тип устройства: Блоки питания
2022-03-18 03:24:14.3493 DEBUG Пользователь нажал на кнопку расчета
2022-03-18 03:24:16.2394 DEBUG Валюта была изменена пользователем
2022-03-18 03:24:18.7506 DEBUG Валюта была изменена пользователем
2022-03-18 03:25:38.4361 DEBUG Валюты, типы устройств были загружены
2022-03-18 03:25:38.4871 DEBUG Была запущена форма
2022-03-18 03:25:40.9173 DEBUG Валюта была изменена пользователем
2022-03-18 03:25:43.4484 DEBUG Пользователь выбрал тип устройства: Процессоры
2022-03-18 03:26:52.2554 DEBUG Валюты, типы устройств были загружены
2022-03-18 03:26:52.3114 DEBUG Была запущена форма
2022-03-18 03:26:54.6675 DEBUG Пользователь выбрал тип устройства: Процессоры
2022-03-18 03:27:02.8530 DEBUG Пользователь нажал на кнопку расчета
2022-03-18 03:27:09.1503 DEBUG Пользователь нажал на кнопку расчета
2022-03-18 03:27:11.8775 DEBUG Пользователь нажал на кнопку расчета
2022-03-18 03:27:18.0378 DEBUG Пользователь нажал на кнопку расчета
2022-03-18 03:27:20.3990 DEBUG Пользователь выбрал тип устройства: Оперативная память
2022-03-18 03:27:47.0175 DEBUG Валюты, типы устройств были загружены
2022-03-18 03:27:47.0665 DEBUG Была запущена форма
2022-03-18 03:27:48.6846 DEBUG Пользователь выбрал тип устройства: Блоки питания
2022-03-18 03:27:57.0851 DEBUG Пользователь нажал на кнопку расчета
2022-03-18 03:28:01.0243 DEBUG Пользователь выбрал тип устройства: Видеокарты
2022-03-18 03:28:10.1088 DEBUG Пользователь нажал на кнопку расчета
2022-03-18 03:28:16.1982 DEBUG Пользователь нажал на кнопку расчета
2022-03-18 03:28:18.3183 DEBUG Пользователь выбрал тип устройства: Жесткие диски
2022-03-18 03:28:32.2251 DEBUG Валюты, типы устройств были загружены
2022-03-18 03:28:32.2851 DEBUG Была запущена форма
2022-03-18 03:28:34.6092 DEBUG Пользователь выбрал тип устройства: Жесткие диски
2022-03-18 03:28:48.7900 DEBUG Валюты, типы устройств были загружены
2022-03-18 03:28:48.8390 DEBUG Была запущена форма
2022-03-18 03:28:51.0292 DEBUG Пользователь выбрал тип устройства: Жесткие диски
2022-03-18 03:30:03.6193 DEBUG Валюты, типы устройств были загружены
2022-03-18 03:30:03.6793 DEBUG Была запущена форма
2022-03-18 03:30:05.9434 DEBUG Пользователь выбрал тип устройства: Оперативная память
2022-03-18 03:32:08.6615 DEBUG Валюты, типы устройств были загружены
2022-03-18 03:32:08.6995 DEBUG Была запущена форма
2022-03-18 03:32:12.3247 DEBUG Пользователь выбрал тип устройства: Блоки питания
2022-03-18 03:32:17.5630 DEBUG Пользователь нажал на кнопку расчета
2022-03-18 03:32:20.4581 DEBUG Пользователь выбрал тип устройства: Оперативная память
2022-03-18 03:32:43.0424 DEBUG Валюта была изменена пользователем
